/opt/conda/envs/pytorch_cuda10.2/lib/python3.8/site-packages/gym/logger.py:30: UserWarning: [33mWARN: Box bound precision lowered by casting to float32[0m
  warnings.warn(colorize('%s: %s'%('WARN', msg % args), 'yellow'))
Episode 0, step 40 Reward Sum 40.0.
Episode 10, step 9 Reward Sum 9.0.
Episode 20, step 7 Reward Sum 7.0.
Episode 30, step 6 Reward Sum 6.0.
Episode 40, step 6 Reward Sum 6.0.
Episode 50, step 6 Reward Sum 6.0.
Episode 60, step 5 Reward Sum 5.0.
Episode 70, step 6 Reward Sum 6.0.
Episode 80, step 6 Reward Sum 6.0.
Episode 90, step 6 Reward Sum 6.0.
evaluating on 10 episodes with mean reward 5.9.
Episode 100, step 5 Reward Sum 5.0.
Episode 110, step 6 Reward Sum 6.0.
Episode 120, step 6 Reward Sum 6.0.
Episode 130, step 6 Reward Sum 6.0.
Episode 140, step 6 Reward Sum 6.0.
Episode 150, step 5 Reward Sum 5.0.
Episode 160, step 6 Reward Sum 6.0.
Episode 170, step 5 Reward Sum 5.0.
Episode 180, step 6 Reward Sum 6.0.
Episode 190, step 6 Reward Sum 6.0.
evaluating on 10 episodes with mean reward 6.0.
Episode 0, step 200 Reward Sum -1331.2260714421989.
Episode 10, step 200 Reward Sum -1641.5426758145568.
Episode 20, step 200 Reward Sum -1376.3181177656586.
Episode 30, step 200 Reward Sum -1598.6888690648664.
Episode 40, step 200 Reward Sum -1532.6134235937516.
Episode 50, step 200 Reward Sum -1750.7273347584915.
Episode 60, step 200 Reward Sum -1747.1449265926092.
Episode 70, step 200 Reward Sum -1520.2072490030278.
Episode 80, step 200 Reward Sum -781.7884631335546.
Episode 90, step 200 Reward Sum -1120.145773869873.
evaluating on 10 episodes with mean reward -1119.1267061633544.
Episode 100, step 200 Reward Sum -1493.0218595387164.
Episode 110, step 200 Reward Sum -783.2389864335403.
Episode 120, step 200 Reward Sum -897.003183849063.
Episode 130, step 200 Reward Sum -881.3669051303243.
Episode 140, step 200 Reward Sum -885.1441155712887.
Episode 150, step 200 Reward Sum -876.9302933309914.
Episode 160, step 200 Reward Sum -878.5762032662785.
Episode 170, step 200 Reward Sum -1000.4561540065555.
Episode 180, step 200 Reward Sum -925.6007501686927.
Episode 190, step 200 Reward Sum -896.1197304331401.
evaluating on 10 episodes with mean reward -854.6839655928765.
Episode 0, step 28 Reward Sum 28.0.
Episode 10, step 8 Reward Sum 8.0.
Episode 20, step 7 Reward Sum 7.0.
Episode 30, step 6 Reward Sum 6.0.
Episode 40, step 5 Reward Sum 5.0.
Episode 50, step 6 Reward Sum 6.0.
Episode 60, step 6 Reward Sum 6.0.
Episode 70, step 6 Reward Sum 6.0.
Episode 80, step 6 Reward Sum 6.0.
Episode 90, step 6 Reward Sum 6.0.
evaluating on 10 episodes with mean reward 5.7.
Episode 100, step 5 Reward Sum 5.0.
Episode 110, step 6 Reward Sum 6.0.
Episode 120, step 5 Reward Sum 5.0.
Episode 130, step 6 Reward Sum 6.0.
Episode 140, step 6 Reward Sum 6.0.
Episode 150, step 6 Reward Sum 6.0.
Episode 160, step 6 Reward Sum 6.0.
Episode 170, step 6 Reward Sum 6.0.
Episode 180, step 6 Reward Sum 6.0.
Episode 190, step 6 Reward Sum 6.0.
evaluating on 10 episodes with mean reward 5.8.
Episode 200, step 6 Reward Sum 6.0.
Episode 210, step 5 Reward Sum 5.0.
Episode 220, step 6 Reward Sum 6.0.
Episode 230, step 5 Reward Sum 5.0.
Episode 240, step 6 Reward Sum 6.0.
Episode 250, step 5 Reward Sum 5.0.
Episode 260, step 6 Reward Sum 6.0.
Episode 270, step 5 Reward Sum 5.0.
Episode 280, step 6 Reward Sum 6.0.
Episode 290, step 35 Reward Sum 35.0.
evaluating on 10 episodes with mean reward 7.9.
Episode 300, step 8 Reward Sum 8.0.
Episode 310, step 6 Reward Sum 6.0.
Episode 320, step 6 Reward Sum 6.0.
Episode 330, step 10 Reward Sum 10.0.
Episode 340, step 16 Reward Sum 16.0.
Episode 350, step 36 Reward Sum 36.0.
Episode 360, step 40 Reward Sum 40.0.
Episode 370, step 43 Reward Sum 43.0.
Episode 380, step 39 Reward Sum 39.0.
Episode 390, step 66 Reward Sum 66.0.
evaluating on 10 episodes with mean reward 57.7.
Episode 400, step 105 Reward Sum 105.0.
Episode 410, step 60 Reward Sum 60.0.
Episode 420, step 64 Reward Sum 64.0.
Episode 430, step 64 Reward Sum 64.0.
Episode 440, step 63 Reward Sum 63.0.
Episode 450, step 51 Reward Sum 51.0.
Episode 460, step 29 Reward Sum 29.0.
Episode 470, step 42 Reward Sum 42.0.
Episode 480, step 34 Reward Sum 34.0.
Episode 490, step 34 Reward Sum 34.0.
evaluating on 10 episodes with mean reward 43.3.
Episode 500, step 36 Reward Sum 36.0.
Episode 510, step 31 Reward Sum 31.0.
Episode 520, step 39 Reward Sum 39.0.
Episode 530, step 47 Reward Sum 47.0.
Episode 540, step 35 Reward Sum 35.0.
Episode 550, step 36 Reward Sum 36.0.
Episode 560, step 98 Reward Sum 98.0.
Episode 570, step 47 Reward Sum 47.0.
Episode 580, step 200 Reward Sum 200.0.
Episode 590, step 200 Reward Sum 200.0.
evaluating on 10 episodes with mean reward 200.0.
Episode 600, step 200 Reward Sum 200.0.
Episode 610, step 200 Reward Sum 200.0.
Episode 620, step 200 Reward Sum 200.0.
Episode 630, step 200 Reward Sum 200.0.
Episode 640, step 200 Reward Sum 200.0.
Episode 650, step 200 Reward Sum 200.0.
Episode 660, step 200 Reward Sum 200.0.
Episode 670, step 200 Reward Sum 200.0.
Episode 680, step 200 Reward Sum 200.0.
Episode 690, step 200 Reward Sum 200.0.
evaluating on 10 episodes with mean reward 200.0.
Episode 700, step 200 Reward Sum 200.0.
Episode 710, step 200 Reward Sum 200.0.
Episode 720, step 200 Reward Sum 200.0.
Episode 730, step 200 Reward Sum 200.0.
Episode 740, step 200 Reward Sum 200.0.
Episode 750, step 200 Reward Sum 200.0.
Episode 760, step 200 Reward Sum 200.0.
Episode 770, step 200 Reward Sum 200.0.
Episode 780, step 142 Reward Sum 142.0.
Episode 790, step 152 Reward Sum 152.0.
evaluating on 10 episodes with mean reward 79.9.
Episode 800, step 69 Reward Sum 69.0.
Episode 810, step 200 Reward Sum 200.0.
Episode 820, step 200 Reward Sum 200.0.
Episode 830, step 200 Reward Sum 200.0.
Episode 840, step 200 Reward Sum 200.0.
Episode 850, step 200 Reward Sum 200.0.
Episode 860, step 153 Reward Sum 153.0.
Episode 870, step 180 Reward Sum 180.0.
Episode 880, step 200 Reward Sum 200.0.
Episode 890, step 194 Reward Sum 194.0.
evaluating on 10 episodes with mean reward 199.3.
Episode 900, step 200 Reward Sum 200.0.
Episode 910, step 87 Reward Sum 87.0.
Episode 920, step 200 Reward Sum 200.0.
Episode 930, step 200 Reward Sum 200.0.
Episode 940, step 200 Reward Sum 200.0.
Episode 950, step 200 Reward Sum 200.0.
Episode 960, step 200 Reward Sum 200.0.
Episode 970, step 200 Reward Sum 200.0.
Episode 980, step 136 Reward Sum 136.0.
Episode 990, step 200 Reward Sum 200.0.
evaluating on 10 episodes with mean reward 200.0.
Episode 1000, step 200 Reward Sum 200.0.
Episode 1010, step 200 Reward Sum 200.0.
Episode 1020, step 200 Reward Sum 200.0.
Episode 1030, step 200 Reward Sum 200.0.
Episode 1040, step 200 Reward Sum 200.0.
Episode 1050, step 200 Reward Sum 200.0.
Episode 1060, step 200 Reward Sum 200.0.
Episode 1070, step 200 Reward Sum 200.0.
Episode 1080, step 200 Reward Sum 200.0.
Episode 1090, step 116 Reward Sum 116.0.
evaluating on 10 episodes with mean reward 124.3.
Episode 1100, step 121 Reward Sum 121.0.
Episode 1110, step 168 Reward Sum 168.0.
Episode 1120, step 200 Reward Sum 200.0.
Episode 1130, step 200 Reward Sum 200.0.
Episode 1140, step 200 Reward Sum 200.0.
Episode 1150, step 200 Reward Sum 200.0.
Episode 1160, step 200 Reward Sum 200.0.
Episode 1170, step 200 Reward Sum 200.0.
Episode 1180, step 200 Reward Sum 200.0.
Episode 1190, step 200 Reward Sum 200.0.
evaluating on 10 episodes with mean reward 159.2.
Episode 1200, step 158 Reward Sum 158.0.
Episode 1210, step 200 Reward Sum 200.0.
Episode 1220, step 200 Reward Sum 200.0.
Episode 1230, step 200 Reward Sum 200.0.
Episode 1240, step 200 Reward Sum 200.0.
Episode 1250, step 200 Reward Sum 200.0.
Episode 1260, step 200 Reward Sum 200.0.
Episode 1270, step 200 Reward Sum 200.0.
Episode 1280, step 200 Reward Sum 200.0.
Episode 1290, step 200 Reward Sum 200.0.
evaluating on 10 episodes with mean reward 200.0.
Episode 1300, step 200 Reward Sum 200.0.
Episode 1310, step 200 Reward Sum 200.0.
Episode 1320, step 200 Reward Sum 200.0.
Episode 1330, step 200 Reward Sum 200.0.
Episode 1340, step 200 Reward Sum 200.0.
Episode 1350, step 158 Reward Sum 158.0.
Episode 1360, step 198 Reward Sum 198.0.
Episode 1370, step 200 Reward Sum 200.0.
Episode 1380, step 200 Reward Sum 200.0.
Episode 1390, step 200 Reward Sum 200.0.
evaluating on 10 episodes with mean reward 173.2.
Episode 1400, step 185 Reward Sum 185.0.
Episode 1410, step 192 Reward Sum 192.0.
Episode 1420, step 194 Reward Sum 194.0.
Episode 1430, step 133 Reward Sum 133.0.
Episode 1440, step 200 Reward Sum 200.0.
Episode 1450, step 118 Reward Sum 118.0.
Episode 1460, step 187 Reward Sum 187.0.
Episode 1470, step 187 Reward Sum 187.0.
Episode 1480, step 200 Reward Sum 200.0.
Episode 1490, step 173 Reward Sum 173.0.
evaluating on 10 episodes with mean reward 200.0.
Episode 1500, step 200 Reward Sum 200.0.
Episode 1510, step 145 Reward Sum 145.0.
Episode 1520, step 200 Reward Sum 200.0.
Episode 1530, step 200 Reward Sum 200.0.
Episode 1540, step 200 Reward Sum 200.0.
Episode 1550, step 200 Reward Sum 200.0.
Episode 1560, step 10 Reward Sum 10.0.
Episode 1570, step 200 Reward Sum 200.0.
Episode 1580, step 200 Reward Sum 200.0.
Episode 1590, step 200 Reward Sum 200.0.
evaluating on 10 episodes with mean reward 200.0.
Episode 1600, step 200 Reward Sum 200.0.
Episode 1610, step 22 Reward Sum 22.0.
Episode 1620, step 29 Reward Sum 29.0.
Episode 1630, step 113 Reward Sum 113.0.
Episode 1640, step 32 Reward Sum 32.0.
Episode 1650, step 101 Reward Sum 101.0.
Episode 1660, step 23 Reward Sum 23.0.
Episode 1670, step 28 Reward Sum 28.0.
Episode 1680, step 200 Reward Sum 200.0.
Episode 1690, step 18 Reward Sum 18.0.
evaluating on 10 episodes with mean reward 119.9.
Episode 1700, step 200 Reward Sum 200.0.
Episode 1710, step 108 Reward Sum 108.0.
Episode 1720, step 200 Reward Sum 200.0.
Episode 1730, step 200 Reward Sum 200.0.
Episode 1740, step 200 Reward Sum 200.0.
Episode 1750, step 200 Reward Sum 200.0.
Episode 1760, step 200 Reward Sum 200.0.
Episode 1770, step 187 Reward Sum 187.0.
Episode 1780, step 200 Reward Sum 200.0.
Episode 1790, step 200 Reward Sum 200.0.
evaluating on 10 episodes with mean reward 200.0.
Episode 1800, step 200 Reward Sum 200.0.
Episode 1810, step 137 Reward Sum 137.0.
Episode 1820, step 40 Reward Sum 40.0.
Episode 1830, step 7 Reward Sum 7.0.
Episode 1840, step 6 Reward Sum 6.0.
Episode 1850, step 7 Reward Sum 7.0./opt/conda/envs/pytorch_cuda10.2/lib/python3.8/site-packages/gym/logger.py:30: UserWarning: [33mWARN: Box bound precision lowered by casting to float32[0m
  warnings.warn(colorize('%s: %s'%('WARN', msg % args), 'yellow'))

Episode 1860, step 7 Reward Sum 7.0.
Episode 1870, step 6 Reward Sum 6.0.
Episode 1880, step 7 Reward Sum 7.0.
Episode 1890, step 7 Reward Sum 7.0.
evaluating on 10 episodes with mean reward 6.3.
Episode 1900, step 7 Reward Sum 7.0.
Episode 1910, step 6 Reward Sum 6.0.
Episode 1920, step 6 Reward Sum 6.0.
Episode 1930, step 6 Reward Sum 6.0.
Episode 1940, step 7 Reward Sum 7.0.
Episode 1950, step 16 Reward Sum 16.0.
Episode 1960, step 17 Reward Sum 17.0.
Episode 1970, step 200 Reward Sum 200.0.
Episode 1980, step 200 Reward Sum 200.0.
Episode 1990, step 200 Reward Sum 200.0.
evaluating on 10 episodes with mean reward 192.1.
Episode 0, step 200 Reward Sum -1319.3382487365157.
Episode 10, step 200 Reward Sum -1652.109045168055.
Episode 20, step 200 Reward Sum -977.3481684265664.
Episode 30, step 200 Reward Sum -949.474777785937.
Episode 40, step 200 Reward Sum -1097.2307934483815.
Episode 50, step 200 Reward Sum -892.7079052036754.
Episode 60, step 200 Reward Sum -1269.236228218152.
Episode 70, step 200 Reward Sum -1080.7164753431232.
Episode 80, step 200 Reward Sum -1191.2067453773748.
Episode 90, step 200 Reward Sum -1279.7849237057735.
evaluating on 10 episodes with mean reward -1479.748398744267.
Episode 100, step 200 Reward Sum -1607.8475933795116.
Episode 110, step 200 Reward Sum -920.7359199653271.
Episode 120, step 200 Reward Sum -1102.3129040001124.
Episode 130, step 200 Reward Sum -1167.475156868.
Episode 140, step 200 Reward Sum -1334.4193417337074.
Episode 150, step 200 Reward Sum -1321.337852475768.
Episode 160, step 200 Reward Sum -1501.195897730823.
Episode 170, step 200 Reward Sum -1273.0137135557568.
Episode 180, step 200 Reward Sum -1024.150961354312.
Episode 190, step 200 Reward Sum -1425.568950592011.
evaluating on 10 episodes with mean reward -881.4508714364065.
Episode 200, step 200 Reward Sum -777.7583836405914.
Episode 210, step 200 Reward Sum -1040.6114564060729.
Episode 220, step 200 Reward Sum -1067.5345688623859.
Episode 230, step 200 Reward Sum -1079.3731554892506.
Episode 240, step 200 Reward Sum -890.9932222152026.
Episode 250, step 200 Reward Sum -1504.8629026316587.
Episode 260, step 200 Reward Sum -964.2836895198673.
Episode 270, step 200 Reward Sum -885.961445142534.
Episode 280, step 200 Reward Sum -654.6963499659518.
Episode 290, step 200 Reward Sum -936.307338775393.
evaluating on 10 episodes with mean reward -1014.626575787301.
Episode 300, step 200 Reward Sum -1069.3733781214523.
Episode 310, step 200 Reward Sum -487.5414599355486.
Episode 320, step 200 Reward Sum -750.9895432304401.
Episode 330, step 200 Reward Sum -770.2454884255046.
Episode 340, step 200 Reward Sum -633.3776899114866.
Episode 350, step 200 Reward Sum -513.4357584697922.
Episode 360, step 200 Reward Sum -842.1404638954883.
Episode 370, step 200 Reward Sum -758.5839075490228.
Episode 380, step 200 Reward Sum -771.992089666365.
Episode 390, step 200 Reward Sum -641.1520400111989.
evaluating on 10 episodes with mean reward -864.2695359616791.
Episode 400, step 200 Reward Sum -652.1406179290321.
Episode 410, step 200 Reward Sum -772.0289952483541.
Episode 420, step 200 Reward Sum -521.1537991026303.
Episode 430, step 200 Reward Sum -628.0365482717528.
Episode 440, step 200 Reward Sum -463.60858181097643.
Episode 450, step 200 Reward Sum -638.6711207419191.
Episode 460, step 200 Reward Sum -1733.6096554700684.
Episode 470, step 200 Reward Sum -505.4073705433311.
Episode 480, step 200 Reward Sum -386.30258245388404.
Episode 490, step 200 Reward Sum -1524.4941917740362.
evaluating on 10 episodes with mean reward -542.3991105679563.
Episode 500, step 200 Reward Sum -1531.7765669004086.
Episode 510, step 200 Reward Sum -373.11371840529995.
Episode 520, step 200 Reward Sum -402.9454808910527.
Episode 530, step 200 Reward Sum -255.0215109954873.
Episode 540, step 200 Reward Sum -381.3420941906328.
Episode 550, step 200 Reward Sum -2.678203171012245.
Episode 560, step 200 Reward Sum -125.89383047600747.
Episode 570, step 200 Reward Sum -401.46210065820617.
Episode 580, step 200 Reward Sum -125.41444826429226.
Episode 590, step 200 Reward Sum -126.73718078281448.
evaluating on 10 episodes with mean reward -450.0361611921424.
Episode 600, step 200 Reward Sum -373.64253424861965.
Episode 610, step 200 Reward Sum -1582.245091134109.
Episode 620, step 200 Reward Sum -120.8957720984885.
Episode 630, step 200 Reward Sum -121.433985769427.
Episode 640, step 200 Reward Sum -255.09052233208666.
Episode 650, step 200 Reward Sum -122.89435081102901.
Episode 660, step 200 Reward Sum -248.6403759863323.
Episode 670, step 200 Reward Sum -120.66624505075906.
Episode 680, step 200 Reward Sum -1494.3941423093527.
Episode 690, step 200 Reward Sum -255.5957810499735.
evaluating on 10 episodes with mean reward -252.55095576007665.
Episode 700, step 200 Reward Sum -258.78738871308815.
Episode 710, step 200 Reward Sum -254.18771612593986.
Episode 720, step 200 Reward Sum -118.45983096938531.
Episode 730, step 200 Reward Sum -254.75097499167657.
Episode 740, step 200 Reward Sum -123.72105689131443.
Episode 750, step 200 Reward Sum -3.5669545629970694.
Episode 760, step 200 Reward Sum -119.76410534319204.
Episode 770, step 200 Reward Sum -2.9327793974325838.
Episode 780, step 200 Reward Sum -129.43391138142508.
Episode 790, step 200 Reward Sum -120.32331164347222.
evaluating on 10 episodes with mean reward -426.7692848146604.
Episode 800, step 200 Reward Sum -121.06590436201064.
Episode 810, step 200 Reward Sum -124.46395558194679.
Episode 820, step 200 Reward Sum -129.68175622926918.
Episode 830, step 200 Reward Sum -7.386655384990392.
Episode 840, step 200 Reward Sum -121.80491542535738.
Episode 850, step 200 Reward Sum -128.0919893679555.
Episode 860, step 200 Reward Sum -128.10762715717576.
Episode 870, step 200 Reward Sum -241.6022517006011.
Episode 880, step 200 Reward Sum -127.82878604901285.
Episode 890, step 200 Reward Sum -129.1314281943601.
evaluating on 10 episodes with mean reward -224.2625310245258.
Episode 900, step 200 Reward Sum -131.38928778584943.
Episode 910, step 200 Reward Sum -123.23017198479407.
Episode 920, step 200 Reward Sum -1297.510485773352.
Episode 930, step 200 Reward Sum -118.89794685627622.
Episode 940, step 200 Reward Sum -132.53574811759773.
Episode 950, step 200 Reward Sum -125.08999303149879.
Episode 960, step 200 Reward Sum -123.683416664207.
Episode 970, step 200 Reward Sum -254.10249415036728.
Episode 980, step 200 Reward Sum -252.77865370493475.
Episode 990, step 200 Reward Sum -130.7728190087653.
evaluating on 10 episodes with mean reward -140.85814606667628.
Episode 1000, step 200 Reward Sum -132.1882275327589.
Episode 1010, step 200 Reward Sum -6.244908352811947.
Episode 1020, step 200 Reward Sum -131.5193172541328.
Episode 1030, step 200 Reward Sum -126.3973717726941.
Episode 1040, step 200 Reward Sum -357.76587874601614.
Episode 1050, step 200 Reward Sum -127.2841647383785.
Episode 1060, step 200 Reward Sum -248.2165754521231.
Episode 1070, step 200 Reward Sum -8.309912289866254.
Episode 1080, step 200 Reward Sum -247.86380775816468.
Episode 1090, step 200 Reward Sum -131.35952802318857.
evaluating on 10 episodes with mean reward -303.2250669498095.
Episode 1100, step 200 Reward Sum -390.24010111606736.
Episode 1110, step 200 Reward Sum -6.107156887020321.
Episode 1120, step 200 Reward Sum -129.6895329246323.
Episode 1130, step 200 Reward Sum -239.86451615350276.
Episode 1140, step 200 Reward Sum -281.50935291219173.
Episode 1150, step 200 Reward Sum -262.58243255787085.
Episode 1160, step 200 Reward Sum -257.2848147867223.
Episode 1170, step 200 Reward Sum -116.69392465955451.
Episode 1180, step 200 Reward Sum -364.4801622248363.
Episode 1190, step 200 Reward Sum -245.5983745791589.
evaluating on 10 episodes with mean reward -196.04828856790854.
Episode 1200, step 200 Reward Sum -1.7007140495617319.
Episode 1210, step 200 Reward Sum -3.772184444534611.
Episode 1220, step 200 Reward Sum -359.0721573813122.
Episode 1230, step 200 Reward Sum -240.17309955478467.
Episode 1240, step 200 Reward Sum -364.6446708287533.
Episode 1250, step 200 Reward Sum -482.7545222930726.
Episode 1260, step 200 Reward Sum -403.3762987688941.
Episode 1270, step 200 Reward Sum -127.64470181542191.
Episode 1280, step 200 Reward Sum -126.32742634183803.
Episode 1290, step 200 Reward Sum -125.66043508493566.
evaluating on 10 episodes with mean reward -251.04645626348264.
Episode 1300, step 200 Reward Sum -125.26968366037035.
Episode 1310, step 200 Reward Sum -117.28003586068608.
Episode 1320, step 200 Reward Sum -375.36427956249264.
Episode 1330, step 200 Reward Sum -127.19735677052122.
Episode 1340, step 200 Reward Sum -125.9692795366704.
Episode 1350, step 200 Reward Sum -128.43645134632203.
Episode 1360, step 200 Reward Sum -119.79882946156557.
Episode 1370, step 200 Reward Sum -138.167975322051.
Episode 1380, step 200 Reward Sum -131.445204635074.
Episode 1390, step 200 Reward Sum -139.62766723966388.
evaluating on 10 episodes with mean reward -160.60835730006107.
Episode 1400, step 200 Reward Sum -4.647691439386575.
Episode 1410, step 200 Reward Sum -222.53552763756988.
Episode 1420, step 200 Reward Sum -123.01496425578412.
Episode 1430, step 200 Reward Sum -117.45073049638977.
Episode 1440, step 200 Reward Sum -242.7296590392654.
Episode 1450, step 200 Reward Sum -128.61529066240942.
Episode 1460, step 200 Reward Sum -121.76541794957438.
Episode 1470, step 200 Reward Sum -263.2490590298782.
Episode 1480, step 200 Reward Sum -126.47594347162952.
Episode 1490, step 200 Reward Sum -3.219434424636793.
evaluating on 10 episodes with mean reward -146.74662712769077.
Episode 1500, step 200 Reward Sum -127.02100554155585.
Episode 1510, step 200 Reward Sum -242.7657618042466.
Episode 1520, step 200 Reward Sum -282.858596730136.
Episode 1530, step 200 Reward Sum -241.39889647848736.
Episode 1540, step 200 Reward Sum -1.9509139228337888.
Episode 1550, step 200 Reward Sum -246.4286700800092.
Episode 1560, step 200 Reward Sum -130.36513546311863.
Episode 1570, step 200 Reward Sum -127.44125067680154.
Episode 1580, step 200 Reward Sum -339.0514460349742.
Episode 1590, step 200 Reward Sum -241.92309014147745.
evaluating on 10 episodes with mean reward -138.25534020133327.
Episode 1600, step 200 Reward Sum -126.36760690333588.
Episode 1610, step 200 Reward Sum -245.35463243588936.
Episode 1620, step 200 Reward Sum -127.63043508616559.
Episode 1630, step 200 Reward Sum -337.6640892618746.
Episode 1640, step 200 Reward Sum -238.7780032535499.
Episode 1650, step 200 Reward Sum -122.94312080487825.
Episode 1660, step 200 Reward Sum -126.14505490591239.
Episode 1670, step 200 Reward Sum -250.46255348361117.
Episode 1680, step 200 Reward Sum -127.95144304596373.
Episode 1690, step 200 Reward Sum -127.03070283811905.
evaluating on 10 episodes with mean reward -112.83343369994547.
Episode 1700, step 200 Reward Sum -131.96014142844365.
Episode 1710, step 200 Reward Sum -344.5409129605075.
Episode 1720, step 200 Reward Sum -258.524925288397.
Episode 1730, step 200 Reward Sum -129.9510621418331.
Episode 1740, step 200 Reward Sum -130.10489545118858.
Episode 1750, step 200 Reward Sum -0.7415405643626681.
Episode 1760, step 200 Reward Sum -121.73308982560576.
Episode 1770, step 200 Reward Sum -129.9544799208312.
Episode 1780, step 200 Reward Sum -367.84051864430774.
Episode 1790, step 200 Reward Sum -245.69599081205556.
evaluating on 10 episodes with mean reward -192.42797957330717.
Episode 1800, step 200 Reward Sum -126.52090454585915.
Episode 1810, step 200 Reward Sum -240.83443560799574.
Episode 1820, step 200 Reward Sum -128.02882345519507.
Episode 1830, step 200 Reward Sum -290.1022718731031.
Episode 1840, step 200 Reward Sum -125.16326691050843.
Episode 1850, step 200 Reward Sum -1.853499616568519.
Episode 1860, step 200 Reward Sum -357.8398986610126.
Episode 1870, step 200 Reward Sum -123.81535886544214.
Episode 1880, step 200 Reward Sum -356.9647898401396.
Episode 1890, step 200 Reward Sum -255.32879701729445.
evaluating on 10 episodes with mean reward -185.14228499653765.
Episode 1900, step 200 Reward Sum -125.49718409900743.
Episode 1910, step 200 Reward Sum -129.9507788191905.
Episode 1920, step 200 Reward Sum -130.92561307919027.
Episode 1930, step 200 Reward Sum -2.0575379493979757.
Episode 1940, step 200 Reward Sum -129.46058941346845.
Episode 1950, step 200 Reward Sum -122.42947286848197.
Episode 1960, step 200 Reward Sum -128.08495143711494.
Episode 1970, step 200 Reward Sum -127.41667494856816.
Episode 1980, step 200 Reward Sum -239.96458998221846.
Episode 1990, step 200 Reward Sum -334.71526190097387.
evaluating on 10 episodes with mean reward -199.73119147140272.
